<?xml version="1.0" encoding="UTF-8"?>
<!-- Generated by org.testng.reporters.JUnitReportReporter -->
<testsuite hostname="COL-LT-231114C" failures="0" tests="1" name="com.real.state.testclases.MetroCuadradoTests" time="325.660" errors="0" timestamp="2024-10-28T23:09:36 COT" skipped="0">
  <testcase classname="com.real.state.testclases.MetroCuadradoTests" name="realStateScraping" time="325.660"/>
</testsuite> <!-- com.real.state.testclases.MetroCuadradoTests -->
